Performing C++ SOURCE FILE Test COMPILER_HAS_DEPRECATED_ATTR failed with the following output:
Change Dir: C:/Users/csbau/mobile_robots/m454_project/build/CMakeFiles/CMakeTmp

Run Build Command:"C:/Program Files (x86)/MSBuild/14.0/bin/MSBuild.exe" "cmTC_39af3.vcxproj" "/p:Configuration=Debug" "/p:VisualStudioVersion=14.0"
Microsoft (R)-Buildmodul, Version 14.0.25420.1
Copyright (C) Microsoft Corporation. Alle Rechte vorbehalten.

Der Buildvorgang wurde am 28.09.2016 11:09:16 gestartet.
Projekt "C:\Users\csbau\mobile_robots\m454_project\build\CMakeFiles\CMakeTmp\cmTC_39af3.vcxproj" auf Knoten "1" (Standardziele).
PrepareForBuild:
  Das Verzeichnis "cmTC_39af3.dir\Debug\" wird erstellt.
  Das Verzeichnis "C:\Users\csbau\mobile_robots\m454_project\build\CMakeFiles\CMakeTmp\Debug\" wird erstellt.
  Das Verzeichnis "cmTC_39af3.dir\Debug\cmTC_39af3.tlog\" wird erstellt.
InitializeBuildStatus:
  "cmTC_39af3.dir\Debug\cmTC_39af3.tlog\unsuccessfulbuild" wird erstellt, da "AlwaysCreate" angegeben wurde.
ClCompile:
  C:\Program Files (x86)\Microsoft Visual Studio 14.0\VC\bin\x86_amd64\CL.exe /c /Zi /W3 /WX- /Od /Ob0 /D WIN32 /D _WINDOWS /D COMPILER_HAS_DEPRECATED_ATTR /D _DEBUG /D "CMAKE_INTDIR=\"Debug\"" /D _MBCS /Gm- /EHsc /RTC1 /MDd /GS /fp:precise /Zc:wchar_t /Zc:forScope /Zc:inline /GR /Fo"cmTC_39af3.dir\Debug\\" /Fd"cmTC_39af3.dir\Debug\vc140.pdb" /Gd /TP /errorReport:queue C:\Users\csbau\mobile_robots\m454_project\build\CMakeFiles\CMakeTmp\src.cxx
  Microsoft (R) C/C++ Optimizing Compiler Version 19.00.24215.1 for x64
  Copyright (C) Microsoft Corporation.  All rights reserved.
  
  cl /c /Zi /W3 /WX- /Od /Ob0 /D WIN32 /D _WINDOWS /D COMPILER_HAS_DEPRECATED_ATTR /D _DEBUG /D "CMAKE_INTDIR=\"Debug\"" /D _MBCS /Gm- /EHsc /RTC1 /MDd /GS /fp:precise /Zc:wchar_t /Zc:forScope /Zc:inline /GR /Fo"cmTC_39af3.dir\Debug\\" /Fd"cmTC_39af3.dir\Debug\vc140.pdb" /Gd /TP /errorReport:queue C:\Users\csbau\mobile_robots\m454_project\build\CMakeFiles\CMakeTmp\src.cxx
  
  src.cxx
C:\Users\csbau\mobile_robots\m454_project\build\CMakeFiles\CMakeTmp\src.cxx(1): error C2065: '__deprecated__': undeclared identifier [C:\Users\csbau\mobile_robots\m454_project\build\CMakeFiles\CMakeTmp\cmTC_39af3.vcxproj]
C:\Users\csbau\mobile_robots\m454_project\build\CMakeFiles\CMakeTmp\src.cxx(1): error C4430: missing type specifier - int assumed. Note: C++ does not support default-int [C:\Users\csbau\mobile_robots\m454_project\build\CMakeFiles\CMakeTmp\cmTC_39af3.vcxproj]
C:\Users\csbau\mobile_robots\m454_project\build\CMakeFiles\CMakeTmp\src.cxx(1): error C2448: '__attribute__': function-style initializer appears to be a function definition [C:\Users\csbau\mobile_robots\m454_project\build\CMakeFiles\CMakeTmp\cmTC_39af3.vcxproj]
Die Erstellung des Projekts "C:\Users\csbau\mobile_robots\m454_project\build\CMakeFiles\CMakeTmp\cmTC_39af3.vcxproj" ist abgeschlossen (Standardziele) -- FEHLER.

Fehler beim Buildvorgang.

"C:\Users\csbau\mobile_robots\m454_project\build\CMakeFiles\CMakeTmp\cmTC_39af3.vcxproj" (Standardziel) (1) ->
(ClCompile Ziel) -> 
  C:\Users\csbau\mobile_robots\m454_project\build\CMakeFiles\CMakeTmp\src.cxx(1): error C2065: '__deprecated__': undeclared identifier [C:\Users\csbau\mobile_robots\m454_project\build\CMakeFiles\CMakeTmp\cmTC_39af3.vcxproj]
  C:\Users\csbau\mobile_robots\m454_project\build\CMakeFiles\CMakeTmp\src.cxx(1): error C4430: missing type specifier - int assumed. Note: C++ does not support default-int [C:\Users\csbau\mobile_robots\m454_project\build\CMakeFiles\CMakeTmp\cmTC_39af3.vcxproj]
  C:\Users\csbau\mobile_robots\m454_project\build\CMakeFiles\CMakeTmp\src.cxx(1): error C2448: '__attribute__': function-style initializer appears to be a function definition [C:\Users\csbau\mobile_robots\m454_project\build\CMakeFiles\CMakeTmp\cmTC_39af3.vcxproj]

    0 Warnung(en)
    3 Fehler

Verstrichene Zeit 00:00:00.57

Source file was:
__attribute__((__deprecated__)) int somefunc() { return 0; }
    int main() { return somefunc();}
